2024-12-13 23:24:34,976 - DEBUG - Calling on_part_begin with no data
2024-12-13 23:24:34,976 - DEBUG - Calling on_header_field with data[54:73]
2024-12-13 23:24:34,976 - DEBUG - Calling on_header_value with data[75:165]
2024-12-13 23:24:34,976 - DEBUG - Calling on_header_end with no data
2024-12-13 23:24:34,976 - DEBUG - Calling on_header_field with data[167:179]
2024-12-13 23:24:34,976 - DEBUG - Calling on_header_value with data[181:191]
2024-12-13 23:24:34,976 - DEBUG - Calling on_header_end with no data
2024-12-13 23:24:34,976 - DEBUG - Calling on_headers_finished with no data
2024-12-13 23:24:34,976 - DEBUG - Calling on_part_data with data[195:69253]
2024-12-13 23:24:34,976 - DEBUG - Calling on_part_end with no data
2024-12-13 23:24:34,976 - DEBUG - Calling on_part_begin with no data
2024-12-13 23:24:34,976 - DEBUG - Calling on_header_field with data[69309:69328]
2024-12-13 23:24:34,976 - DEBUG - Calling on_header_value with data[69330:69417]
2024-12-13 23:24:34,976 - DEBUG - Calling on_header_end with no data
2024-12-13 23:24:34,976 - DEBUG - Calling on_header_field with data[69419:69431]
2024-12-13 23:24:34,976 - DEBUG - Calling on_header_value with data[69433:69443]
2024-12-13 23:24:34,976 - DEBUG - Calling on_header_end with no data
2024-12-13 23:24:34,976 - DEBUG - Calling on_headers_finished with no data
2024-12-13 23:24:34,977 - DEBUG - Calling on_part_data with data[69447:151315]
2024-12-13 23:24:34,977 - DEBUG - Calling on_part_data with data[0:134075]
2024-12-13 23:24:34,977 - DEBUG - Calling on_part_end with no data
2024-12-13 23:24:34,977 - DEBUG - Calling on_part_begin with no data
2024-12-13 23:24:34,977 - DEBUG - Calling on_header_field with data[134131:134150]
2024-12-13 23:24:34,977 - DEBUG - Calling on_header_value with data[134152:134240]
2024-12-13 23:24:34,977 - DEBUG - Calling on_header_end with no data
2024-12-13 23:24:34,977 - DEBUG - Calling on_header_field with data[134242:134254]
2024-12-13 23:24:34,977 - DEBUG - Calling on_header_value with data[134256:134266]
2024-12-13 23:24:34,977 - DEBUG - Calling on_header_end with no data
2024-12-13 23:24:34,977 - DEBUG - Calling on_headers_finished with no data
2024-12-13 23:24:34,977 - DEBUG - Calling on_part_data with data[134270:163645]
2024-12-13 23:24:34,977 - DEBUG - Calling on_part_end with no data
2024-12-13 23:24:34,977 - DEBUG - Calling on_part_begin with no data
2024-12-13 23:24:34,977 - DEBUG - Calling on_header_field with data[163701:163720]
2024-12-13 23:24:34,977 - DEBUG - Calling on_header_value with data[163722:163789]
2024-12-13 23:24:34,977 - DEBUG - Calling on_header_end with no data
2024-12-13 23:24:34,977 - DEBUG - Calling on_header_field with data[163791:163803]
2024-12-13 23:24:34,977 - DEBUG - Calling on_header_value with data[163805:163815]
2024-12-13 23:24:34,977 - DEBUG - Calling on_header_end with no data
2024-12-13 23:24:34,977 - DEBUG - Calling on_headers_finished with no data
2024-12-13 23:24:34,977 - DEBUG - Calling on_part_data with data[163819:262144]
2024-12-13 23:24:34,977 - DEBUG - Calling on_part_data with data[0:262144]
2024-12-13 23:24:34,978 - DEBUG - Calling on_part_data with data[0:5222]
2024-12-13 23:24:34,978 - DEBUG - Calling on_part_end with no data
2024-12-13 23:24:34,978 - DEBUG - Calling on_part_begin with no data
2024-12-13 23:24:34,978 - DEBUG - Calling on_header_field with data[5278:5297]
2024-12-13 23:24:34,978 - DEBUG - Calling on_header_value with data[5299:5367]
2024-12-13 23:24:34,978 - DEBUG - Calling on_header_end with no data
2024-12-13 23:24:34,978 - DEBUG - Calling on_header_field with data[5369:5381]
2024-12-13 23:24:34,978 - DEBUG - Calling on_header_value with data[5383:5393]
2024-12-13 23:24:34,978 - DEBUG - Calling on_header_end with no data
2024-12-13 23:24:34,978 - DEBUG - Calling on_headers_finished with no data
2024-12-13 23:24:34,978 - DEBUG - Calling on_part_data with data[5397:262144]
2024-12-13 23:24:34,978 - DEBUG - Calling on_part_data with data[0:218949]
2024-12-13 23:24:34,978 - DEBUG - Calling on_part_end with no data
2024-12-13 23:24:34,978 - DEBUG - Calling on_part_begin with no data
2024-12-13 23:24:34,978 - DEBUG - Calling on_header_field with data[219005:219024]
2024-12-13 23:24:34,978 - DEBUG - Calling on_header_value with data[219026:219094]
2024-12-13 23:24:34,979 - DEBUG - Calling on_header_end with no data
2024-12-13 23:24:34,979 - DEBUG - Calling on_header_field with data[219096:219108]
2024-12-13 23:24:34,979 - DEBUG - Calling on_header_value with data[219110:219120]
2024-12-13 23:24:34,979 - DEBUG - Calling on_header_end with no data
2024-12-13 23:24:34,979 - DEBUG - Calling on_headers_finished with no data
2024-12-13 23:24:34,979 - DEBUG - Calling on_part_data with data[219124:262144]
2024-12-13 23:24:34,979 - DEBUG - Calling on_part_data with data[0:262144]
2024-12-13 23:24:34,979 - DEBUG - Calling on_part_data with data[0:135645]
2024-12-13 23:24:34,979 - DEBUG - Calling on_part_end with no data
2024-12-13 23:24:34,979 - DEBUG - Calling on_part_begin with no data
2024-12-13 23:24:34,979 - DEBUG - Calling on_header_field with data[135701:135720]
2024-12-13 23:24:34,979 - DEBUG - Calling on_header_value with data[135722:135768]
2024-12-13 23:24:34,979 - DEBUG - Calling on_header_end with no data
2024-12-13 23:24:34,979 - DEBUG - Calling on_header_field with data[135770:135782]
2024-12-13 23:24:34,979 - DEBUG - Calling on_header_value with data[135784:135794]
2024-12-13 23:24:34,979 - DEBUG - Calling on_header_end with no data
2024-12-13 23:24:34,979 - DEBUG - Calling on_headers_finished with no data
2024-12-13 23:24:34,979 - DEBUG - Calling on_part_data with data[135798:262144]
2024-12-13 23:24:34,979 - DEBUG - Calling on_part_data with data[0:33133]
2024-12-13 23:24:34,979 - DEBUG - Calling on_part_end with no data
2024-12-13 23:24:34,979 - DEBUG - Calling on_end with no data
2024-12-13 23:24:34,980 - DEBUG - process_image function started
2024-12-13 23:24:35,003 - DEBUG - process_image function ended
2024-12-13 23:24:35,003 - DEBUG - process_image function started
2024-12-13 23:24:35,018 - DEBUG - process_image function ended
2024-12-13 23:24:35,018 - DEBUG - process_image function started
2024-12-13 23:24:35,025 - DEBUG - process_image function ended
2024-12-13 23:24:35,025 - DEBUG - process_image function started
2024-12-13 23:24:35,075 - DEBUG - process_image function ended
2024-12-13 23:24:35,075 - DEBUG - process_image function started
2024-12-13 23:24:35,091 - DEBUG - process_image function ended
2024-12-13 23:24:35,091 - DEBUG - process_image function started
2024-12-13 23:24:35,107 - DEBUG - process_image function ended
2024-12-13 23:24:35,107 - DEBUG - process_image function started
2024-12-13 23:24:35,107 - DEBUG - tag: ImageDescription (270) - type: string (2) Tag Location: 22 - Data Location: 2182 - value: b'Gladiator 1920x1080\x00'
2024-12-13 23:24:35,107 - DEBUG - tag: Software (305) - type: string (2) Tag Location: 34 - Data Location: 2202 - value: b'Microsoft Pro Photo Tools\x00'
2024-12-13 23:24:35,107 - DEBUG - tag: DateTime (306) - type: string (2) Tag Location: 46 - Data Location: 2228 - value: b'2014:05:09 10:00:00\x00'
2024-12-13 23:24:35,107 - DEBUG - tag: unknown (18246) - type: short (3) - value: b'\x00\x05'
2024-12-13 23:24:35,108 - DEBUG - tag: unknown (18249) - type: short (3) - value: b'\x00c'
2024-12-13 23:24:35,108 - DEBUG - tag: ExifIFD (34665) - type: long (4) - value: b'\x00\x00\x08\xc8'
2024-12-13 23:24:35,108 - DEBUG - tag: GPSInfoIFD (34853) - type: long (4) - value: b'\x00\x00\x11\x06'
2024-12-13 23:24:35,108 - DEBUG - tag: unknown (40091) - type: byte (1) Tag Location: 106 - Data Location: 4424 - value: <table: 40 bytes>
2024-12-13 23:24:35,108 - DEBUG - tag: unknown (59932) - type: undefined (7) Tag Location: 118 - Data Location: 122 - value: <table: 2060 bytes>
2024-12-13 23:24:35,129 - DEBUG - process_image function ended
